<?xml version="1.0" encoding="UTF-8"?>
<!-- Generated by org.testng.reporters.JUnitReportReporter -->
<testsuite hostname="LMMUMLP0495" failures="0" tests="1" name="day6.Lab3_8_TestNGMain" time="16.660" errors="0" timestamp="2024-01-22T18:17:00 IST" skipped="0">
  <testcase classname="day6.Lab3_8_TestNGMain" name="f" time="16.660"/>
</testsuite> <!-- day6.Lab3_8_TestNGMain -->
