<?xml version="1.0" encoding="UTF-8"?>
<!-- Generated by org.testng.reporters.JUnitReportReporter -->
<testsuite hostname="LMMUMLP0495" failures="0" tests="2" name="assi1.Luma_ETE_Test" time="38.855" errors="0" timestamp="2024-01-29T10:58:01 IST" skipped="0">
  <testcase classname="assi1.Luma_ETE_Test" name="f" time="18.558"/>
  <testcase classname="assi1.Luma_ETE_Test" name="f" time="20.297"/>
</testsuite> <!-- assi1.Luma_ETE_Test -->
