<?xml version="1.0" encoding="UTF-8"?>
<!-- Generated by org.testng.reporters.JUnitReportReporter -->
<testsuite hostname="LMMUMLP0495" failures="0" tests="2" name="day6.Lab8_TestNG" time="23.118" errors="0" timestamp="2024-01-22T18:04:56 IST" skipped="0">
  <testcase classname="day6.Lab8_TestNG" name="f" time="12.268"/>
  <testcase classname="day6.Lab8_TestNG" name="f" time="10.850"/>
</testsuite> <!-- day6.Lab8_TestNG -->
