<?xml version="1.0" encoding="UTF-8"?>
<!-- Generated by org.testng.reporters.JUnitReportReporter -->
<testsuite hostname="LMMUMLP0495" failures="0" tests="6" name="assi2.Luma_Booking2" time="245.178" errors="0" timestamp="2024-01-30T13:58:33 IST" skipped="0">
  <testcase classname="assi2.Luma_Booking2" name="f" time="81.842"/>
  <testcase classname="assi2.Luma_Booking2" name="f" time="53.112"/>
  <testcase classname="assi2.Luma_Booking2" name="f" time="28.970"/>
  <testcase classname="assi2.Luma_Booking2" name="f" time="26.686"/>
  <testcase classname="assi2.Luma_Booking2" name="f" time="26.927"/>
  <testcase classname="assi2.Luma_Booking2" name="f" time="27.641"/>
</testsuite> <!-- assi2.Luma_Booking2 -->
