<?xml version="1.0" encoding="UTF-8"?>
<!-- Generated by org.testng.reporters.JUnitReportReporter -->
<testsuite hostname="LMMUMLP0495" failures="0" tests="6" name="assi3.Luma_Booking3" time="307.573" errors="0" timestamp="2024-01-30T13:33:57 IST" skipped="0">
  <testcase classname="assi3.Luma_Booking3" name="f" time="82.782"/>
  <testcase classname="assi3.Luma_Booking3" name="f" time="38.725"/>
  <testcase classname="assi3.Luma_Booking3" name="f" time="72.965"/>
  <testcase classname="assi3.Luma_Booking3" name="f" time="37.540"/>
  <testcase classname="assi3.Luma_Booking3" name="f" time="37.911"/>
  <testcase classname="assi3.Luma_Booking3" name="f" time="37.650"/>
</testsuite> <!-- assi3.Luma_Booking3 -->
