<?xml version="1.0" encoding="UTF-8"?>
<!-- Generated by org.testng.reporters.JUnitReportReporter -->
<testsuite hostname="LMMUMLP0495" failures="0" tests="1" name="day6.Lab4_8_TestNG_Main" time="15.580" errors="0" timestamp="2024-01-22T18:45:44 IST" skipped="0">
  <testcase classname="day6.Lab4_8_TestNG_Main" name="f" time="15.580"/>
</testsuite> <!-- day6.Lab4_8_TestNG_Main -->
