<?xml version="1.0" encoding="UTF-8"?>
<!-- Generated by org.testng.reporters.JUnitReportReporter -->
<testsuite hostname="LMMUMLP0495" failures="0" tests="1" name="day5.TC001_TestNG" time="0.012" errors="0" timestamp="2024-01-22T15:23:28 IST" skipped="0">
  <testcase classname="day5.TC001_TestNG" name="loginTest" time="0.012"/>
</testsuite> <!-- day5.TC001_TestNG -->
