<?xml version="1.0" encoding="UTF-8"?>
<!-- Generated by org.testng.reporters.JUnitReportReporter -->
<testsuite hostname="LMMUMLP0495" failures="0" tests="2" name="day9.TC001_MultipleTest" time="0.016" errors="0" timestamp="2024-01-25T10:53:35 IST" skipped="0">
  <testcase classname="day9.TC001_MultipleTest" name="test3" time="0.015"/>
  <testcase classname="day9.TC001_MultipleTest" name="test2" time="0.001"/>
</testsuite> <!-- day9.TC001_MultipleTest -->
