<?xml version="1.0" encoding="UTF-8"?>
<!-- Generated by org.testng.reporters.JUnitReportReporter -->
<testsuite hostname="LMMUMLP0495" failures="0" tests="2" name="assi1.Luma_ETE_Test" time="39.811" errors="0" timestamp="2024-01-30T13:13:49 IST" skipped="0">
  <testcase classname="assi1.Luma_ETE_Test" name="f" time="19.068"/>
  <testcase classname="assi1.Luma_ETE_Test" name="f" time="20.743"/>
</testsuite> <!-- assi1.Luma_ETE_Test -->
