<?xml version="1.0" encoding="UTF-8"?>
<!-- Generated by org.testng.reporters.JUnitReportReporter -->
<testsuite hostname="LMMUMLP0495" failures="0" tests="6" name="assi3.Luma_Booking3_para" time="369.307" errors="0" timestamp="2024-01-30T13:49:04 IST" skipped="0">
  <testcase classname="assi3.Luma_Booking3_para" name="f" time="58.416"/>
  <testcase classname="assi3.Luma_Booking3_para" name="f" time="37.382"/>
  <testcase classname="assi3.Luma_Booking3_para" name="f" time="58.610"/>
  <testcase classname="assi3.Luma_Booking3_para" name="f" time="113.792"/>
  <testcase classname="assi3.Luma_Booking3_para" name="f" time="43.196"/>
  <testcase classname="assi3.Luma_Booking3_para" name="f" time="57.911"/>
</testsuite> <!-- assi3.Luma_Booking3_para -->
