<?xml version="1.0" encoding="UTF-8"?>
<!-- Generated by org.testng.reporters.JUnitReportReporter -->
<testsuite hostname="LMMUMLP0495" failures="0" tests="2" name="assi2.Luma_Booking" time="63.417" errors="0" timestamp="2024-01-30T13:05:20 IST" skipped="0">
  <testcase classname="assi2.Luma_Booking" name="f" time="31.747"/>
  <testcase classname="assi2.Luma_Booking" name="f" time="31.670"/>
</testsuite> <!-- assi2.Luma_Booking -->
