<?xml version="1.0" encoding="UTF-8"?>
<!-- Generated by org.testng.reporters.JUnitReportReporter -->
<testsuite hostname="LMMUMLP0495" failures="0" tests="6" name="assi3.Luma_Booking3" time="315.369" errors="0" timestamp="2024-01-29T17:03:05 IST" skipped="0">
  <testcase classname="assi3.Luma_Booking3" name="f" time="46.075"/>
  <testcase classname="assi3.Luma_Booking3" name="f" time="99.732"/>
  <testcase classname="assi3.Luma_Booking3" name="f" time="41.371"/>
  <testcase classname="assi3.Luma_Booking3" name="f" time="36.926"/>
  <testcase classname="assi3.Luma_Booking3" name="f" time="54.823"/>
  <testcase classname="assi3.Luma_Booking3" name="f" time="36.442"/>
</testsuite> <!-- assi3.Luma_Booking3 -->
